<?xml version="1.0" encoding="UTF-8"?>
<!-- Generated by org.testng.reporters.JUnitXMLReporter -->
<testsuite hostname="LAPTOP-H9SDNOF1" ignored="0" name="test1" tests="6" failures="0" timestamp="2023-01-05T12:00:59 IST" time="0.073" errors="0">
  <testcase name="tc001" time="0.014" classname="p1.ClassA"/>
  <testcase name="tc002" time="0.0" classname="p1.ClassA"/>
  <testcase name="tc003" time="0.0" classname="p1.ClassA"/>
  <testcase name="tc001" time="0.0" classname="p2.ClassB"/>
  <testcase name="tc002" time="0.0" classname="p2.ClassB"/>
  <testcase name="tc003" time="0.0" classname="p2.ClassB"/>
</testsuite> <!-- test1 -->
