<?xml version="1.0" encoding="UTF-8"?>
<testng-results skipped="0" failed="0" ignored="1" total="3" passed="2">
  <reporter-output>
    <line>
      <![CDATA[tc001 executed successfull]]>
    </line>
    <line>
      <![CDATA[tc002 executed successfull]]>
    </line>
  </reporter-output>
  <suite name="Surefire suite" duration-ms="33" started-at="2023-01-05T13:00:46 IST" finished-at="2023-01-05T13:00:46 IST">
    <groups>
    </groups>
    <test name="Surefire test" duration-ms="33" started-at="2023-01-05T13:00:46 IST" finished-at="2023-01-05T13:00:46 IST">
      <class name="p1.ClassA">
        <test-method status="PASS" signature="tc001()[pri:0, instance:p1.ClassA@7085bdee]" name="tc001" duration-ms="0" started-at="2023-01-05T13:00:46 IST" finished-at="2023-01-05T13:00:46 IST">
          <reporter-output>
            <line>
              <![CDATA[tc001 executed successfull]]>
            </line>
          </reporter-output>
        </test-method> <!-- tc001 -->
        <test-method status="PASS" signature="tc002()[pri:0, instance:p1.ClassA@7085bdee]" name="tc002" duration-ms="0" started-at="2023-01-05T13:00:46 IST" finished-at="2023-01-05T13:00:46 IST">
          <reporter-output>
            <line>
              <![CDATA[tc002 executed successfull]]>
            </line>
          </reporter-output>
        </test-method> <!-- tc002 -->
      </class> <!-- p1.ClassA -->
    </test> <!-- Surefire test -->
  </suite> <!-- Surefire suite -->
</testng-results>
