<?xml version="1.0" encoding="UTF-8"?>
<testng-results skipped="0" failed="0" ignored="0" total="6" passed="6">
  <reporter-output>
    <line>
      <![CDATA[tc001 executed successfull]]>
    </line>
    <line>
      <![CDATA[tc002 executed successfull]]>
    </line>
    <line>
      <![CDATA[tc003 executed successfull]]>
    </line>
    <line>
      <![CDATA[tc001 executed successfull]]>
    </line>
    <line>
      <![CDATA[tc002 executed successfull]]>
    </line>
    <line>
      <![CDATA[tc003 executed successfull]]>
    </line>
  </reporter-output>
  <suite name="default suite" duration-ms="73" started-at="2023-01-05T12:00:59 IST" finished-at="2023-01-05T12:00:59 IST">
    <groups>
    </groups>
    <test name="test1" duration-ms="73" started-at="2023-01-05T12:00:59 IST" finished-at="2023-01-05T12:00:59 IST">
      <class name="p2.ClassB">
        <test-method status="PASS" signature="tc001()[pri:0, instance:p2.ClassB@a38d7a3]" name="tc001" duration-ms="0" started-at="2023-01-05T12:00:59 IST" finished-at="2023-01-05T12:00:59 IST">
          <reporter-output>
            <line>
              <![CDATA[tc001 executed successfull]]>
            </line>
          </reporter-output>
        </test-method> <!-- tc001 -->
        <test-method status="PASS" signature="tc002()[pri:0, instance:p2.ClassB@a38d7a3]" name="tc002" duration-ms="0" started-at="2023-01-05T12:00:59 IST" finished-at="2023-01-05T12:00:59 IST">
          <reporter-output>
            <line>
              <![CDATA[tc002 executed successfull]]>
            </line>
          </reporter-output>
        </test-method> <!-- tc002 -->
        <test-method status="PASS" signature="tc003()[pri:0, instance:p2.ClassB@a38d7a3]" name="tc003" duration-ms="0" started-at="2023-01-05T12:00:59 IST" finished-at="2023-01-05T12:00:59 IST">
          <reporter-output>
            <line>
              <![CDATA[tc003 executed successfull]]>
            </line>
          </reporter-output>
        </test-method> <!-- tc003 -->
      </class> <!-- p2.ClassB -->
      <class name="p1.ClassA">
        <test-method status="PASS" signature="tc001()[pri:0, instance:p1.ClassA@4923ab24]" name="tc001" duration-ms="14" started-at="2023-01-05T12:00:59 IST" finished-at="2023-01-05T12:00:59 IST">
          <reporter-output>
            <line>
              <![CDATA[tc001 executed successfull]]>
            </line>
          </reporter-output>
        </test-method> <!-- tc001 -->
        <test-method status="PASS" signature="tc002()[pri:0, instance:p1.ClassA@4923ab24]" name="tc002" duration-ms="0" started-at="2023-01-05T12:00:59 IST" finished-at="2023-01-05T12:00:59 IST">
          <reporter-output>
            <line>
              <![CDATA[tc002 executed successfull]]>
            </line>
          </reporter-output>
        </test-method> <!-- tc002 -->
        <test-method status="PASS" signature="tc003()[pri:0, instance:p1.ClassA@4923ab24]" name="tc003" duration-ms="0" started-at="2023-01-05T12:00:59 IST" finished-at="2023-01-05T12:00:59 IST">
          <reporter-output>
            <line>
              <![CDATA[tc003 executed successfull]]>
            </line>
          </reporter-output>
        </test-method> <!-- tc003 -->
      </class> <!-- p1.ClassA -->
    </test> <!-- test1 -->
  </suite> <!-- default suite -->
</testng-results>
