<?xml version="1.0" encoding="UTF-8"?>
<!-- Generated by org.testng.reporters.JUnitXMLReporter -->
<testsuite hostname="LAPTOP-H9SDNOF1" ignored="1" name="Surefire test" tests="2" failures="0" timestamp="2023-01-05T13:00:46 IST" time="0.033" errors="0">
  <testcase name="tc001" time="0.0" classname="p1.ClassA"/>
  <testcase name="tc002" time="0.0" classname="p1.ClassA"/>
  <testcase name="tc003" time="0.0" classname="p1.ClassA">
    <ignored/>
  </testcase> <!-- tc003 -->
</testsuite> <!-- Surefire test -->
